r-type

add - 22
sub - 0
mul - 4
div - 0
and - 0
or - 0
xor - 0
slt - 0
sltu - 0
addf - 1
subf - 0
mulf - 1
divf - 0
sll - 0
srl - 0
sra - 0

28
--------------------------------------------------
i-type

addi - 28
subi - 0
xori - 0
ori - 0
slti - 0
sltiu - 0
slli - 0
srli - 0
srai - 0
lw - 20
lh - 0
lb - 0
jalr - 1

49
--------------------------------------------------
f-type

isqrt - 0
sin - 0
cos - 0
itof - 0
ftoi - 0

0
--------------------------------------------------
s-type

sw - 7
sh - 0
sb - 0

7
--------------------------------------------------
b-type

beq - 0
bne - 0
bge - 1
bgeu - 0
blt - 1
bltu - 0
beqf - 0
bnef - 0
bgef - 0
bltf - 0

2
--------------------------------------------------
u-type

auipc - 0
lli - 0
lmi - 0
lui - 0

0
--------------------------------------------------
CSR

csrr - 3

3
--------------------------------------------------
j-type

jal - 4

4
--------------------------------------------------
p-type

jpnz - 0
prr - 0
prw - 0

0
--------------------------------------------------
Halt

halt - 0

0
--------------------------------------------------


total instr count = 93