       .section data
       global cos
       type cos func
       global sin
       type sin func
       global ftoi
       type ftoi func
       global itof
       type itof func
       global isqrt
       type isqrt func
       global blockIdx
       type blockIdx func
       global blockDim
       type blockDim func
       global threadIdx
       type threadIdx func
       .section data
       .section code
       global kernel_saxpy
       type kernel_saxpy func
 kernel_saxpy:
       lui, x11, 255, 0
       lmi, x11, 4095, 0
       lli, x11, 2544, 0
       add x2, x2, x11, 0
       lui, x11, 0, 0
       lmi, x11, 0, 0
       lli, x11, 128, 0
       add x11, x2, x11, 0
       sw x1, 0(x11), 0
       sw x8, 0(x2), 0
       lui, x11, 0, 0
       lmi, x11, 0, 0
       lli, x11, 256, 0
       add x8, x2, x11, 0
       sw x9, 0(x8), 0
 kernel_saxpy_block0:
       jal x0, kernel_saxpy_block1
 kernel_saxpy_block1:
       lui, x11, 0, 0
       lmi, x11, 0, 0
       lli, x11, 512, 0
       add x11, x8, x11, 0
       sw x12, 0(x11), 0
       lui, x11, 0, 0
       lmi, x11, 0, 0
       lli, x11, 512, 0
       add x11, x8, x11, 0
       lw x9, 0(x11), 0
       addi x9, x9, 0, 0
       lui, x11, 0, 0
       lmi, x11, 0, 0
       lli, x11, 384, 0
       add x11, x8, x11, 0
       sw x9, 0(x11), 0
       csrr x11, 2, 0
       csrr x9, 3, 0
       csrr x10, 1, 0
       addi x11, x11, 0, 0
       addi x9, x9, 0, 0
       addi x10, x10, 0, 0
       mul x9, x11, x9, 0
       add x9, x9, x10, 0
       lui, x11, 0, 0
       lmi, x11, 0, 0
       lli, x11, 256, 0
       add x11, x8, x11, 0
       sw x9, 0(x11), 0
       lui, x11, 0, 0
       lmi, x11, 0, 0
       lli, x11, 256, 0
       add x11, x8, x11, 0
       lw x9, 0(x11), 0
       addi x10, x9, 0, 0
       lui, x11, 0, 0
       lmi, x11, 0, 0
       lli, x11, 384, 0
       add x11, x8, x11, 0
       lw x9, 0(x11), 0
       addi x9, x9, 0, 0
       addi x9, x9, 0, 0
       lw x9, 0(x9), 0
       addi x9, x9, 0, 0
       blt 1, x10, x9, 0
       bge 2, x10, x9, 0
       jal x0, kernel_saxpy_block3
 kernel_saxpy_block2:
       jal x0, kernel_saxpy_epilog
 kernel_saxpy_block3:
       lui, x11, 0, 1
       lmi, x11, 0, 1
       lli, x11, 384, 1
       add x11, x8, x11, 1
       lw x9, 0(x11), 1
       addi x9, x9, 0, 1
       addi x9, x9, 12, 1
       lw x9, 0(x9), 1
       addi x15, x9, 0, 1
       lui, x11, 0, 1
       lmi, x11, 0, 1
       lli, x11, 256, 1
       add x11, x8, x11, 1
       lw x9, 0(x11), 1
       addi x14, x9, 0, 1
       lui, x11, 0, 1
       lmi, x11, 0, 1
       lli, x11, 384, 1
       add x11, x8, x11, 1
       lw x9, 0(x11), 1
       addi x9, x9, 0, 1
       addi x9, x9, 4, 1
       lw x9, 0(x9), 1
       addi x13, x9, 0, 1
       lui, x11, 0, 1
       lmi, x11, 0, 1
       lli, x11, 384, 1
       add x11, x8, x11, 1
       lw x9, 0(x11), 1
       addi x9, x9, 0, 1
       addi x9, x9, 8, 1
       lw x9, 0(x9), 1
       addi x11, x9, 0, 1
       lui, x11, 0, 1
       lmi, x11, 0, 1
       lli, x11, 256, 1
       add x11, x8, x11, 1
       lw x9, 0(x11), 1
       addi x10, x9, 0, 1
       addi x9, x0, 4, 1
       mul x9, x10, x9, 1
       add x9, x11, x9, 1
       lw x9, 0(x9), 1
       addi x12, x9, 0, 1
       lui, x11, 0, 1
       lmi, x11, 0, 1
       lli, x11, 384, 1
       add x11, x8, x11, 1
       lw x9, 0(x11), 1
       addi x9, x9, 0, 1
       addi x9, x9, 12, 1
       lw x9, 0(x9), 1
       addi x11, x9, 0, 1
       lui, x11, 0, 1
       lmi, x11, 0, 1
       lli, x11, 256, 1
       add x11, x8, x11, 1
       lw x9, 0(x11), 1
       addi x10, x9, 0, 1
       addi x9, x0, 4, 1
       mul x9, x10, x9, 1
       add x9, x11, x9, 1
       lw x9, 0(x9), 1
       addi x11, x9, 0, 1
       addi x9, x0, 4, 1
       mul x9, x14, x9, 1
       add x10, x15, x9, 1
       mulf x9, x13, x12, 1
       addf x9, x9, x11, 1
       sw x9, 0(x10), 1
       jal x0, kernel_saxpy_block2
 kernel_saxpy_epilog:
       lw x9, 0(x8), 0
       lui, x11, 0, 0
       lmi, x11, 0, 0
       lli, x11, 128, 0
       add x11, x2, x11, 0
       lw x1, 0(x11), 0
       lw x8, 0(x2), 0
       lui, x11, 0, 0
       lmi, x11, 0, 0
       lli, x11, 1552, 0
       add x2, x2, x11, 0
       jalr x0,x1, 0
       .align 4
